{"name": "user is eligible", "status": "broken", "statusDetails": {"message": "selenium.common.exceptions.NoSuchElementException: Message: no such element: Unable to locate element: {\"method\":\"css selector\",\"selector\":\"h2[class=\"page-title uppercase\"\"}\n  (Session info: chrome=87.0.4280.88)\n\n", "trace": "  File \"c:\\bddframeworks\\lib\\site-packages\\behave\\model.py\", line 1329, in run\n    match.run(runner.context)\n  File \"c:\\bddframeworks\\lib\\site-packages\\behave\\matchers.py\", line 98, in run\n    self.func(context, *args, **kwargs)\n  File \"features\\steps\\eligiblesteps.py\", line 44, in verify_consent_shows_up\n    context.driver.find_element_by_css_selector('h2[class=\"page-title uppercase\"').is_displayed()\n  File \"c:\\bddframeworks\\lib\\site-packages\\selenium\\webdriver\\remote\\webdriver.py\", line 598, in find_element_by_css_selector\n    return self.find_element(by=By.CSS_SELECTOR, value=css_selector)\n  File \"c:\\bddframeworks\\lib\\site-packages\\selenium\\webdriver\\remote\\webdriver.py\", line 976, in find_element\n    return self.execute(Command.FIND_ELEMENT, {\n  File \"c:\\bddframeworks\\lib\\site-packages\\selenium\\webdriver\\remote\\webdriver.py\", line 321, in execute\n    self.error_handler.check_response(response)\n  File \"c:\\bddframeworks\\lib\\site-packages\\selenium\\webdriver\\remote\\errorhandler.py\", line 242, in check_response\n    raise exception_class(message, screen, stacktrace)\n"}, "steps": [{"name": "Given I go to start page", "status": "passed", "start": 1608504382403, "stop": 1608504387023}, {"name": "Then I click on start button", "status": "passed", "start": 1608504387024, "stop": 1608504388490}, {"name": "Then I select yes in all answers", "status": "passed", "start": 1608504388490, "stop": 1608504388637}, {"name": "Then I select next", "status": "passed", "start": 1608504388637, "stop": 1608504390689}, {"name": "Then verify consent to participate shows up", "status": "broken", "statusDetails": {"message": "selenium.common.exceptions.NoSuchElementException: Message: no such element: Unable to locate element: {\"method\":\"css selector\",\"selector\":\"h2[class=\"page-title uppercase\"\"}\n  (Session info: chrome=87.0.4280.88)\n\n", "trace": "  File \"c:\\bddframeworks\\lib\\site-packages\\behave\\model.py\", line 1329, in run\n    match.run(runner.context)\n  File \"c:\\bddframeworks\\lib\\site-packages\\behave\\matchers.py\", line 98, in run\n    self.func(context, *args, **kwargs)\n  File \"features\\steps\\eligiblesteps.py\", line 44, in verify_consent_shows_up\n    context.driver.find_element_by_css_selector('h2[class=\"page-title uppercase\"').is_displayed()\n  File \"c:\\bddframeworks\\lib\\site-packages\\selenium\\webdriver\\remote\\webdriver.py\", line 598, in find_element_by_css_selector\n    return self.find_element(by=By.CSS_SELECTOR, value=css_selector)\n  File \"c:\\bddframeworks\\lib\\site-packages\\selenium\\webdriver\\remote\\webdriver.py\", line 976, in find_element\n    return self.execute(Command.FIND_ELEMENT, {\n  File \"c:\\bddframeworks\\lib\\site-packages\\selenium\\webdriver\\remote\\webdriver.py\", line 321, in execute\n    self.error_handler.check_response(response)\n  File \"c:\\bddframeworks\\lib\\site-packages\\selenium\\webdriver\\remote\\errorhandler.py\", line 242, in check_response\n    raise exception_class(message, screen, stacktrace)\n"}, "start": 1608504390689, "stop": 1608504390747}, {"name": "And close browser", "status": "skipped", "start": 1608504390748, "stop": 1608504390749}], "start": 1608504382402, "stop": 1608504390749, "uuid": "5a755830-d435-461c-b0e7-dcfad0be91e2", "historyId": "a9c6bbb6762040ef00d16c258bc21021", "fullName": "features/eligible.feature:user is eligible", "labels": [{"name": "severity", "value": "normal"}, {"name": "feature", "value": "User eligibility tests"}, {"name": "framework", "value": "behave"}, {"name": "language", "value": "cpython3"}]}